2021-10-26 18:41:35,122 [Worker-4: Loading available Gradle versions] INFO  o.e.b.c.i.u.g.PublishedGradleVersions - Gradle version information cache is up-to-date. Trying to read.
2021-10-26 18:42:04,647 [Worker-1: Update Maven projects configuration] INFO  o.e.m.c.i.p.ProjectConfigurationManager - Update started
2021-10-26 18:42:05,942 [Worker-1: Update Maven projects configuration] INFO  o.e.m.c.i.l.LifecycleMappingFactory - Using org.maven.ide.eclipse.wtp.WarLifecycleMapping lifecycle mapping for MavenProject: CS480Demo:CS480Demo:0.0.1-SNAPSHOT @ C:\Users\summo\Documents\480 Stuff\CS480_Demo\CS480Template\src\main\webapp\META-INF\maven\CS480Demo\CS480Demo\pom.xml.
2021-10-26 18:42:07,323 [Worker-1: Update Maven projects configuration] INFO  o.e.m.j.i.AbstractJavaProjectConfigurator - Adding source folder /CS480Demo/src/main/java
2021-10-26 18:42:07,325 [Worker-1: Update Maven projects configuration] INFO  o.e.m.j.i.AbstractJavaProjectConfigurator - Adding source folder /CS480Demo/src/test/java
2021-10-26 18:42:08,694 [Worker-16: Building] WARN  o.e.m.c.i.embedder.EclipseLogger - Using platform encoding (Cp1252 actually) to copy filtered resources, i.e. build is platform dependent!
2021-10-26 18:42:08,696 [Worker-16: Building] INFO  o.e.m.c.i.embedder.EclipseLogger - skip non existing resourceDirectory C:\Users\summo\Documents\480 Stuff\CS480_Demo\CS480Template\src\main\webapp\META-INF\maven\CS480Demo\CS480Demo\src\main\resources
2021-10-26 18:42:08,698 [Worker-16: Building] WARN  o.e.m.c.i.embedder.EclipseLogger - Using platform encoding (Cp1252 actually) to copy filtered resources, i.e. build is platform dependent!
2021-10-26 18:42:08,700 [Worker-16: Building] INFO  o.e.m.c.i.embedder.EclipseLogger - skip non existing resourceDirectory C:\Users\summo\Documents\480 Stuff\CS480_Demo\CS480Template\src\main\webapp\META-INF\maven\CS480Demo\CS480Demo\src\test\resources
2021-10-26 18:42:09,815 [Worker-17: Building] WARN  o.e.m.c.i.embedder.EclipseLogger - Using platform encoding (Cp1252 actually) to copy filtered resources, i.e. build is platform dependent!
2021-10-26 18:42:09,817 [Worker-17: Building] INFO  o.e.m.c.i.embedder.EclipseLogger - skip non existing resourceDirectory C:\Users\summo\Documents\480 Stuff\CS480_Demo\CS480Template\src\main\webapp\META-INF\maven\CS480Demo\CS480Demo\src\main\resources
2021-10-26 18:42:09,819 [Worker-17: Building] WARN  o.e.m.c.i.embedder.EclipseLogger - Using platform encoding (Cp1252 actually) to copy filtered resources, i.e. build is platform dependent!
2021-10-26 18:42:09,821 [Worker-17: Building] INFO  o.e.m.c.i.embedder.EclipseLogger - skip non existing resourceDirectory C:\Users\summo\Documents\480 Stuff\CS480_Demo\CS480Template\src\main\webapp\META-INF\maven\CS480Demo\CS480Demo\src\test\resources
2021-10-26 18:42:09,928 [Worker-1: Update Maven projects configuration] INFO  o.e.m.c.i.p.ProjectConfigurationManager - Update completed: 5 sec
2021-10-26 18:42:11,022 [Worker-11: Building] WARN  o.e.m.c.i.embedder.EclipseLogger - Using platform encoding (Cp1252 actually) to copy filtered resources, i.e. build is platform dependent!
2021-10-26 18:42:11,023 [Worker-11: Building] INFO  o.e.m.c.i.embedder.EclipseLogger - skip non existing resourceDirectory C:\Users\summo\Documents\480 Stuff\CS480_Demo\CS480Template\src\main\webapp\META-INF\maven\CS480Demo\CS480Demo\src\main\resources
2021-10-26 18:42:11,025 [Worker-11: Building] WARN  o.e.m.c.i.embedder.EclipseLogger - Using platform encoding (Cp1252 actually) to copy filtered resources, i.e. build is platform dependent!
2021-10-26 18:42:11,026 [Worker-11: Building] INFO  o.e.m.c.i.embedder.EclipseLogger - skip non existing resourceDirectory C:\Users\summo\Documents\480 Stuff\CS480_Demo\CS480Template\src\main\webapp\META-INF\maven\CS480Demo\CS480Demo\src\test\resources
2021-10-26 18:44:13,019 [Worker-23: Building] INFO  o.e.m.c.i.l.LifecycleMappingFactory - Using org.maven.ide.eclipse.wtp.WarLifecycleMapping lifecycle mapping for MavenProject: CS480Demo:CS480Demo:0.0.1-SNAPSHOT @ C:\Users\summo\Documents\480 Stuff\CS480_Demo\CS480Template\src\main\webapp\META-INF\maven\CS480Demo\CS480Demo\pom.xml.
2021-10-26 18:44:13,900 [Worker-23: Building] WARN  o.e.m.c.i.embedder.EclipseLogger - Using platform encoding (Cp1252 actually) to copy filtered resources, i.e. build is platform dependent!
2021-10-26 18:44:13,901 [Worker-23: Building] INFO  o.e.m.c.i.embedder.EclipseLogger - skip non existing resourceDirectory C:\Users\summo\Documents\480 Stuff\CS480_Demo\CS480Template\src\main\webapp\META-INF\maven\CS480Demo\CS480Demo\src\main\resources
2021-10-26 18:44:13,904 [Worker-23: Building] WARN  o.e.m.c.i.embedder.EclipseLogger - Using platform encoding (Cp1252 actually) to copy filtered resources, i.e. build is platform dependent!
2021-10-26 18:44:13,905 [Worker-23: Building] INFO  o.e.m.c.i.embedder.EclipseLogger - skip non existing resourceDirectory C:\Users\summo\Documents\480 Stuff\CS480_Demo\CS480Template\src\main\webapp\META-INF\maven\CS480Demo\CS480Demo\src\test\resources
2021-10-26 18:44:14,642 [Worker-14: Updating Maven Dependencies] INFO  o.e.m.c.i.l.LifecycleMappingFactory - Using org.maven.ide.eclipse.wtp.WarLifecycleMapping lifecycle mapping for MavenProject: CS480Demo:CS480Demo:0.0.1-SNAPSHOT @ C:\Users\summo\Documents\480 Stuff\CS480_Demo\CS480Template\src\main\webapp\META-INF\maven\CS480Demo\CS480Demo\pom.xml.
2021-10-26 18:44:15,583 [Worker-20: Building] WARN  o.e.m.c.i.embedder.EclipseLogger - Using platform encoding (Cp1252 actually) to copy filtered resources, i.e. build is platform dependent!
2021-10-26 18:44:15,585 [Worker-20: Building] INFO  o.e.m.c.i.embedder.EclipseLogger - skip non existing resourceDirectory C:\Users\summo\Documents\480 Stuff\CS480_Demo\CS480Template\src\main\webapp\META-INF\maven\CS480Demo\CS480Demo\src\main\resources
2021-10-26 18:44:15,588 [Worker-20: Building] WARN  o.e.m.c.i.embedder.EclipseLogger - Using platform encoding (Cp1252 actually) to copy filtered resources, i.e. build is platform dependent!
2021-10-26 18:44:15,589 [Worker-20: Building] INFO  o.e.m.c.i.embedder.EclipseLogger - skip non existing resourceDirectory C:\Users\summo\Documents\480 Stuff\CS480_Demo\CS480Template\src\main\webapp\META-INF\maven\CS480Demo\CS480Demo\src\test\resources
